<!DOCTYPE html PUBLIC "-//W3C//DTD XHTML 1.1//EN" "https://www.w3.org/TR/xhtml11/DTD/xhtml11.dtd">
<html xmlns="https://www.w3.org/1999/xhtml">
<head>
<meta http-equiv="content-type" content="text/html; charset=UTF-8"/>
<title>TestNG Report</title>
<style type="text/css">table {margin-bottom:10px;border-collapse:collapse;empty-cells:show}th,td {border:1px solid #009;padding:.25em .5em}th {vertical-align:bottom}td {vertical-align:top}table a {font-weight:bold}.stripe td {background-color: #E6EBF9}.num {text-align:right}.passedodd td {background-color: #3F3}.passedeven td {background-color: #0A0}.skippedodd td {background-color: #DDD}.skippedeven td {background-color: #CCC}.failedodd td,.attn {background-color: #F33}.failedeven td,.stripe .attn {background-color: #D00}.stacktrace {white-space:pre;font-family:monospace}.totop {font-size:85%;text-align:center;border-bottom:2px solid #000}.invisible {display:none}</style>
</head>
<body>
<table>
<tr><th>Test</th><th># Passed</th><th># Skipped</th><th># Retried</th><th># Failed</th><th>Time (ms)</th><th>Included Groups</th><th>Excluded Groups</th></tr>
<tr><th colspan="8">Suite</th></tr>
<tr><td><a href="#t0">StandAloneTestModified</a></td><td class="num">1</td><td class="num attn">1</td><td class="num">0</td><td class="num attn">1</td><td class="num">34,035</td><td></td><td></td></tr>
<tr class="stripe"><td><a href="#t1">ErrorValidations</a></td><td class="num">1</td><td class="num">0</td><td class="num attn">1</td><td class="num attn">1</td><td class="num">25,882</td><td></td><td></td></tr>
<tr><th>Total</th><th class="num">2</th><th class="num attn">1</th><th class="num attn">1</th><th class="num attn">2</th><th class="num">59,917</th><th colspan="2"></th></tr>
</table>
<table id='summary'><thead><tr><th>Class</th><th>Method</th><th>Start</th><th>Time (ms)</th></tr></thead><tbody><tr><th colspan="4">Suite</th></tr></tbody><tbody id="t0"><tr><th colspan="4">StandAloneTestModified &#8212; failed</th></tr><tr class="failedeven"><td rowspan="1">ravinduheshan99.tests.StandAloneTestModified</td><td><a href="#m0">placeOrder</a></td><td rowspan="1">1736769437052</td><td rowspan="1">6781</td></tr><tr><th colspan="4">StandAloneTestModified &#8212; skipped</th></tr><tr class="skippedeven"><td rowspan="1">ravinduheshan99.tests.StandAloneTestModified</td><td><a href="#m1">OrderHistoryTest</a></td><td rowspan="1">1736769457236</td><td rowspan="1">0</td></tr><tr><th colspan="4">StandAloneTestModified &#8212; passed</th></tr><tr class="passedeven"><td rowspan="1">ravinduheshan99.tests.StandAloneTestModified</td><td><a href="#m2">placeOrder</a></td><td rowspan="1">1736769450570</td><td rowspan="1">6277</td></tr></tbody>
<tbody id="t1"><tr><th colspan="4">ErrorValidations &#8212; failed</th></tr><tr class="failedeven"><td rowspan="1">ravinduheshan99.tests.ErrorValidations</td><td><a href="#m3">LoginErrorValidation</a></td><td rowspan="1">1736769472103</td><td rowspan="1">1307</td></tr><tr><th colspan="4">ErrorValidations &#8212; retried</th></tr><tr class="retriedeven"><td rowspan="1">ravinduheshan99.tests.ErrorValidations</td><td><a href="#m4">LoginErrorValidation</a></td><td rowspan="1">1736769460928</td><td rowspan="1">5316</td></tr><tr><th colspan="4">ErrorValidations &#8212; passed</th></tr><tr class="passedeven"><td rowspan="1">ravinduheshan99.tests.ErrorValidations</td><td><a href="#m5">ProductErrorValidation</a></td><td rowspan="1">1736769479690</td><td rowspan="1">4095</td></tr></tbody>
</table>
<h2>StandAloneTestModified</h2><h3 id="m0">ravinduheshan99.tests.StandAloneTestModified#placeOrder</h3><table class="result"><tr class="param"><th>Parameter #1</th></tr><tr class="param stripe"><td>{password=test@123, email=test@gmail.com, productName=ADIDAS ORIGINAL}</td></tr><tr><th>Exception</th></tr><tr><td><div class="stacktrace">org.openqa.selenium.ElementClickInterceptedException: element click intercepted: Element is not clickable at point (1085, 600)
  (Session info: chrome=131.0.6778.265)
Build info: version: &apos;4.27.0&apos;, revision: &apos;d6e718d134&apos;
System info: os.name: &apos;Windows 10&apos;, os.arch: &apos;amd64&apos;, os.version: &apos;10.0&apos;, java.version: &apos;21.0.4&apos;
Driver info: org.openqa.selenium.chrome.ChromeDriver
Command: [8f0058b94859fc06a258848210486f90, clickElement {id=f.B662FBBDF51B5778D7568C0036DA36D9.d.0761BABFF37F7338A0795FA1E402577C.e.124}]
Capabilities {acceptInsecureCerts: false, browserName: chrome, browserVersion: 131.0.6778.265, chrome: {chromedriverVersion: 131.0.6778.264 (2d05e315153..., userDataDir: C:\Users\RAVIND~1\AppData\L...}, fedcm:accounts: true, goog:chromeOptions: {debuggerAddress: localhost:1453}, networkConnectionEnabled: false, pageLoadStrategy: normal, platformName: windows, proxy: Proxy(), se:cdp: ws://localhost:1453/devtool..., se:cdpVersion: 131.0.6778.265, setWindowRect: true, strictFileInteractability: false, timeouts: {implicit: 0, pageLoad: 300000, script: 30000}, unhandledPromptBehavior: dismiss and notify, webauthn:extension:credBlob: true, webauthn:extension:largeBlob: true, webauthn:extension:minPinLength: true, webauthn:extension:prf: true, webauthn:virtualAuthenticators: true}
Element: [[ChromeDriver: chrome on windows (8f0058b94859fc06a258848210486f90)] -&gt; css selector: .action__submit]
Session ID: 8f0058b94859fc06a258848210486f90
	at org.openqa.selenium.remote.ErrorCodec.decode(ErrorCodec.java:167)
	at org.openqa.selenium.remote.codec.w3c.W3CHttpResponseCodec.decode(W3CHttpResponseCodec.java:138)
	at org.openqa.selenium.remote.codec.w3c.W3CHttpResponseCodec.decode(W3CHttpResponseCodec.java:50)
	at org.openqa.selenium.remote.HttpCommandExecutor.execute(HttpCommandExecutor.java:190)
	at org.openqa.selenium.remote.service.DriverCommandExecutor.invokeExecute(DriverCommandExecutor.java:216)
	at org.openqa.selenium.remote.service.DriverCommandExecutor.execute(DriverCommandExecutor.java:174)
	at org.openqa.selenium.remote.RemoteWebDriver.execute(RemoteWebDriver.java:545)
	at org.openqa.selenium.remote.RemoteWebElement.execute(RemoteWebElement.java:223)
	at org.openqa.selenium.remote.RemoteWebElement.click(RemoteWebElement.java:76)
	at org.openqa.selenium.support.pagefactory.internal.LocatingElementHandler.invoke(LocatingElementHandler.java:51)
	at jdk.proxy2/jdk.proxy2.$Proxy16.click(Unknown Source)
	at ravinduheshan99.pageobjects.CheckoutPage.submitOrder(CheckoutPage.java:45)
	at ravinduheshan99.tests.StandAloneTestModified.placeOrder(StandAloneTestModified.java:29)
	at java.base/java.util.ArrayList.forEach(ArrayList.java:1596)
... Removed 30 stack frames</div></td></tr></table><p class="totop"><a href="#summary">back to summary</a></p>
<h3 id="m1">ravinduheshan99.tests.StandAloneTestModified#OrderHistoryTest</h3><table class="result"><tr><th>Exception</th></tr><tr><td><div class="stacktrace">java.lang.Throwable: Method ravinduheshan99.tests.StandAloneTestModified.OrderHistoryTest() on instance ravinduheshan99.tests.StandAloneTestModified@2ea6e30c depends on not successfully finished methods 
[ravinduheshan99.tests.StandAloneTestModified.placeOrder() on instance ravinduheshan99.tests.StandAloneTestModified@2ea6e30c]
	at java.base/java.util.ArrayList.forEach(ArrayList.java:1596)
... Removed 18 stack frames</div></td></tr></table><p class="totop"><a href="#summary">back to summary</a></p>
<h3 id="m2">ravinduheshan99.tests.StandAloneTestModified#placeOrder</h3><table class="result"><tr class="param"><th>Parameter #1</th></tr><tr class="param stripe"><td>{password=Raviya@123, email=raviya@gmail.com, productName=IPHONE 13 PRO}</td></tr></table><p class="totop"><a href="#summary">back to summary</a></p>
<h2>ErrorValidations</h2><h3 id="m3">ravinduheshan99.tests.ErrorValidations#LoginErrorValidation</h3><table class="result"><tr><th>Exception</th></tr><tr><td><div class="stacktrace">java.lang.AssertionError: expected [Incorrect email or password.] but found [Incorrect email password.]
	at ravinduheshan99.tests.ErrorValidations.LoginErrorValidation(ErrorValidations.java:16)
	at java.base/java.util.ArrayList.forEach(ArrayList.java:1596)
... Removed 31 stack frames</div></td></tr></table><p class="totop"><a href="#summary">back to summary</a></p>
<h3 id="m4">ravinduheshan99.tests.ErrorValidations#LoginErrorValidation</h3><table class="result"><tr><th>Exception</th></tr><tr><td><div class="stacktrace">java.lang.AssertionError: expected [Incorrect email or password.] but found [Incorrect email password.]
	at ravinduheshan99.tests.ErrorValidations.LoginErrorValidation(ErrorValidations.java:16)
	at java.base/java.util.ArrayList.forEach(ArrayList.java:1596)
... Removed 31 stack frames</div></td></tr></table><p class="totop"><a href="#summary">back to summary</a></p>
<h3 id="m5">ravinduheshan99.tests.ErrorValidations#ProductErrorValidation</h3><table class="result"><tr><th class="invisible"/></tr></table><p class="totop"><a href="#summary">back to summary</a></p>
</body>
</html>
